c:\users\adi\downloads\rpsls-master\group47_ex4\group47_ex4_server\x64\debug\vc141.pdb
c:\users\adi\downloads\rpsls-master\group47_ex4\group47_ex4_server\x64\debug\vc141.idb
c:\users\adi\downloads\rpsls-master\group47_ex4\group47_ex4_server\x64\debug\server.obj
c:\users\adi\downloads\rpsls-master\group47_ex4\group47_ex4_server\x64\debug\exitthread.obj
c:\users\adi\downloads\rpsls-master\group47_ex4\group47_ex4_server\x64\debug\sockettools.obj
c:\users\adi\downloads\rpsls-master\group47_ex4\group47_ex4_server\x64\debug\serveroperation.obj
c:\users\adi\desktop\פרויקטים\מתם\clientserversockets\group47_ex4_server\x64\debug\vc141.pdb
c:\users\adi\desktop\פרויקטים\מתם\clientserversockets\group47_ex4_server\x64\debug\vc141.idb
c:\users\adi\desktop\פרויקטים\מתם\clientserversockets\group47_ex4_server\x64\debug\serveroperation.obj
c:\users\adi\desktop\פרויקטים\מתם\clientserversockets\group47_ex4_server\x64\debug\server.obj
c:\users\adi\desktop\פרויקטים\מתם\clientserversockets\group47_ex4_server\x64\debug\exitthread.obj
c:\users\adi\desktop\פרויקטים\מתם\clientserversockets\group47_ex4_server\x64\debug\sockettools.obj
c:\users\adi\downloads\rpsls-master\group47_ex4\x64\debug\group47_ex4_server.ilk
c:\users\adi\downloads\rpsls-master\group47_ex4\x64\debug\group47_ex4_server.exe
c:\users\adi\downloads\rpsls-master\group47_ex4\x64\debug\group47_ex4_server.pdb
c:\users\adi\desktop\פרויקטים\מתם\clientserversockets\x64\debug\group47_ex4_server.exe
c:\users\adi\desktop\פרויקטים\מתם\clientserversockets\x64\debug\group47_ex4_server.ilk
c:\users\adi\desktop\פרויקטים\מתם\clientserversockets\x64\debug\group47_ex4_server.pdb
c:\users\adi\desktop\פרויקטים\מתם\clientserversockets\group47_ex4_server\x64\debug\group47_.2926a450.tlog\cl.command.1.tlog
c:\users\adi\desktop\פרויקטים\מתם\clientserversockets\group47_ex4_server\x64\debug\group47_.2926a450.tlog\cl.read.1.tlog
c:\users\adi\desktop\פרויקטים\מתם\clientserversockets\group47_ex4_server\x64\debug\group47_.2926a450.tlog\cl.write.1.tlog
c:\users\adi\desktop\פרויקטים\מתם\clientserversockets\group47_ex4_server\x64\debug\group47_.2926a450.tlog\link.command.1.tlog
c:\users\adi\desktop\פרויקטים\מתם\clientserversockets\group47_ex4_server\x64\debug\group47_.2926a450.tlog\link.read.1.tlog
c:\users\adi\desktop\פרויקטים\מתם\clientserversockets\group47_ex4_server\x64\debug\group47_.2926a450.tlog\link.write.1.tlog
